This is pdfTeX, Version 3.1415926-2.5-1.40.14 (TeX Live 2013) (format=pdflatex 2014.5.15)  9 JUL 2015 14:05
entering extended mode
 restricted \write18 enabled.
 file:line:error style messages enabled.
 %&-line parsing enabled.
**graphs.tex
(./graphs.tex
LaTeX2e <2011/06/27>
Babel <3.9f> and hyphenation patterns for 78 languages loaded.
(/usr/local/texlive/2013/texmf-dist/tex/latex/base/article.cls
Document Class: article 2007/10/19 v1.4h Standard LaTeX document class
(/usr/local/texlive/2013/texmf-dist/tex/latex/base/size11.clo
File: size11.clo 2007/10/19 v1.4h Standard LaTeX file (size option)
)
\c@part=\count79
\c@section=\count80
\c@subsection=\count81
\c@subsubsection=\count82
\c@paragraph=\count83
\c@subparagraph=\count84
\c@figure=\count85
\c@table=\count86
\abovecaptionskip=\skip41
\belowcaptionskip=\skip42
\bibindent=\dimen102
) (/usr/local/texlive/2013/texmf-dist/tex/latex/geometry/geometry.sty
Package: geometry 2010/09/12 v5.6 Page Geometry
 (/usr/local/texlive/2013/texmf-dist/tex/latex/graphics/keyval.sty
Package: keyval 1999/03/16 v1.13 key=value parser (DPC)
\KV@toks@=\toks14
) (/usr/local/texlive/2013/texmf-dist/tex/generic/oberdiek/ifpdf.sty
Package: ifpdf 2011/01/30 v2.3 Provides the ifpdf switch (HO)
Package ifpdf Info: pdfTeX in PDF mode is detected.
) (/usr/local/texlive/2013/texmf-dist/tex/generic/oberdiek/ifvtex.sty
Package: ifvtex 2010/03/01 v1.5 Detect VTeX and its facilities (HO)
Package ifvtex Info: VTeX not detected.
) (/usr/local/texlive/2013/texmf-dist/tex/generic/ifxetex/ifxetex.sty
Package: ifxetex 2010/09/12 v0.6 Provides ifxetex conditional
)
\Gm@cnth=\count87
\Gm@cntv=\count88
\c@Gm@tempcnt=\count89
\Gm@bindingoffset=\dimen103
\Gm@wd@mp=\dimen104
\Gm@odd@mp=\dimen105
\Gm@even@mp=\dimen106
\Gm@layoutwidth=\dimen107
\Gm@layoutheight=\dimen108
\Gm@layouthoffset=\dimen109
\Gm@layoutvoffset=\dimen110
\Gm@dimlist=\toks15
) (/usr/local/texlive/2013/texmf-dist/tex/latex/graphics/graphicx.sty
Package: graphicx 1999/02/16 v1.0f Enhanced LaTeX Graphics (DPC,SPQR)
 (/usr/local/texlive/2013/texmf-dist/tex/latex/graphics/graphics.sty
Package: graphics 2009/02/05 v1.0o Standard LaTeX Graphics (DPC,SPQR)
 (/usr/local/texlive/2013/texmf-dist/tex/latex/graphics/trig.sty
Package: trig 1999/03/16 v1.09 sin cos tan (DPC)
) (/usr/local/texlive/2013/texmf-dist/tex/latex/latexconfig/graphics.cfg
File: graphics.cfg 2010/04/23 v1.9 graphics configuration of TeX Live
)
Package graphics Info: Driver file: pdftex.def on input line 91.
 (/usr/local/texlive/2013/texmf-dist/tex/latex/pdftex-def/pdftex.def
File: pdftex.def 2011/05/27 v0.06d Graphics/color for pdfTeX
 (/usr/local/texlive/2013/texmf-dist/tex/generic/oberdiek/infwarerr.sty
Package: infwarerr 2010/04/08 v1.3 Providing info/warning/error messages (HO)
) (/usr/local/texlive/2013/texmf-dist/tex/generic/oberdiek/ltxcmds.sty
Package: ltxcmds 2011/11/09 v1.22 LaTeX kernel commands for general use (HO)
)
\Gread@gobject=\count90
))
\Gin@req@height=\dimen111
\Gin@req@width=\dimen112
) (/Users/kimberninger/Desktop/Change Report/Graphs/.texpadtmp/graphs.aux)
\openout1 = `graphs.aux'.

LaTeX Font Info:    Checking defaults for OML/cmm/m/it on input line 6.
LaTeX Font Info:    ... okay on input line 6.
LaTeX Font Info:    Checking defaults for T1/cmr/m/n on input line 6.
LaTeX Font Info:    ... okay on input line 6.
LaTeX Font Info:    Checking defaults for OT1/cmr/m/n on input line 6.
LaTeX Font Info:    ... okay on input line 6.
LaTeX Font Info:    Checking defaults for OMS/cmsy/m/n on input line 6.
LaTeX Font Info:    ... okay on input line 6.
LaTeX Font Info:    Checking defaults for OMX/cmex/m/n on input line 6.
LaTeX Font Info:    ... okay on input line 6.
LaTeX Font Info:    Checking defaults for U/cmr/m/n on input line 6.
LaTeX Font Info:    ... okay on input line 6.

*geometry* driver: auto-detecting
*geometry* detected driver: pdftex
*geometry* verbose mode - [ preamble ] result:
* driver: pdftex
* paper: a4paper
* layout: <same size as paper>
* layoutoffset:(h,v)=(0.0pt,0.0pt)
* modes: 
* h-part:(L,W,R)=(28.90755pt, 539.69278pt, 28.90755pt)
* v-part:(T,H,B)=(28.90755pt, 787.23175pt, 28.90755pt)
* \paperwidth=597.50787pt
* \paperheight=845.04684pt
* \textwidth=539.69278pt
* \textheight=787.23175pt
* \oddsidemargin=-43.36244pt
* \evensidemargin=-43.36244pt
* \topmargin=-80.36244pt
* \headheight=12.0pt
* \headsep=25.0pt
* \topskip=11.0pt
* \footskip=30.0pt
* \marginparwidth=59.0pt
* \marginparsep=10.0pt
* \columnsep=10.0pt
* \skip\footins=10.0pt plus 4.0pt minus 2.0pt
* \hoffset=0.0pt
* \voffset=0.0pt
* \mag=1000
* \@twocolumnfalse
* \@twosidefalse
* \@mparswitchfalse
* \@reversemarginfalse
* (1in=72.27pt=25.4mm, 1cm=28.453pt)

(/usr/local/texlive/2013/texmf-dist/tex/context/base/supp-pdf.mkii
[Loading MPS to PDF converter (version 2006.09.02).]
\scratchcounter=\count91
\scratchdimen=\dimen113
\scratchbox=\box26
\nofMPsegments=\count92
\nofMParguments=\count93
\everyMPshowfont=\toks16
\MPscratchCnt=\count94
\MPscratchDim=\dimen114
\MPnumerator=\count95
\makeMPintoPDFobject=\count96
\everyMPtoPDFconversion=\toks17
) (/usr/local/texlive/2013/texmf-dist/tex/generic/oberdiek/pdftexcmds.sty
Package: pdftexcmds 2011/11/29 v0.20 Utility functions of pdfTeX for LuaTeX (HO)
 (/usr/local/texlive/2013/texmf-dist/tex/generic/oberdiek/ifluatex.sty
Package: ifluatex 2010/03/01 v1.3 Provides the ifluatex switch (HO)
Package ifluatex Info: LuaTeX not detected.
)
Package pdftexcmds Info: LuaTeX not detected.
Package pdftexcmds Info: \pdf@primitive is available.
Package pdftexcmds Info: \pdf@ifprimitive is available.
Package pdftexcmds Info: \pdfdraftmode found.
) (/usr/local/texlive/2013/texmf-dist/tex/latex/oberdiek/epstopdf-base.sty
Package: epstopdf-base 2010/02/09 v2.5 Base part for package epstopdf
 (/usr/local/texlive/2013/texmf-dist/tex/latex/oberdiek/grfext.sty
Package: grfext 2010/08/19 v1.1 Manage graphics extensions (HO)
 (/usr/local/texlive/2013/texmf-dist/tex/generic/oberdiek/kvdefinekeys.sty
Package: kvdefinekeys 2011/04/07 v1.3 Define keys (HO)
)) (/usr/local/texlive/2013/texmf-dist/tex/latex/oberdiek/kvoptions.sty
Package: kvoptions 2011/06/30 v3.11 Key value format for package options (HO)
 (/usr/local/texlive/2013/texmf-dist/tex/generic/oberdiek/kvsetkeys.sty
Package: kvsetkeys 2012/04/25 v1.16 Key value parser (HO)
 (/usr/local/texlive/2013/texmf-dist/tex/generic/oberdiek/etexcmds.sty
Package: etexcmds 2011/02/16 v1.5 Avoid name clashes with e-TeX commands (HO)
Package etexcmds Info: Could not find \expanded.
(etexcmds)             That can mean that you are not using pdfTeX 1.50 or
(etexcmds)             that some package has redefined \expanded.
(etexcmds)             In the latter case, load this package earlier.
)))
Package grfext Info: Graphics extension search list:
(grfext)             [.png,.pdf,.jpg,.mps,.jpeg,.jbig2,.jb2,.PNG,.PDF,.JPG,.JPEG,.JBIG2,.JB2,.eps]
(grfext)             \AppendGraphicsExtensions on input line 452.
 (/usr/local/texlive/2013/texmf-dist/tex/latex/latexconfig/epstopdf-sys.cfg
File: epstopdf-sys.cfg 2010/07/13 v1.3 Configuration of (r)epstopdf for TeX Live
)) <graphs/localityDelay.pdf, id=1, 794.97pt x 614.295pt>
File: graphs/localityDelay.pdf Graphic file (type pdf)
 <use graphs/localityDelay.pdf>
Package pdftex.def Info: graphs/localityDelay.pdf used on input line 8.
(pdftex.def)             Requested size: 269.84639pt x 208.52008pt.
 <referencegraphs/localityDelay.pdf, id=2, 794.97pt x 614.295pt>
File: referencegraphs/localityDelay.pdf Graphic file (type pdf)
 <use referencegraphs/localityDelay.pdf>
Package pdftex.def Info: referencegraphs/localityDelay.pdf used on input line 9.
(pdftex.def)             Requested size: 269.84639pt x 208.52008pt.

Overfull \hbox (2.43333pt too wide) in paragraph at lines 8--10
[][] [] 
 []

<graphs/localityTraffic.pdf, id=3, 794.97pt x 614.295pt>
File: graphs/localityTraffic.pdf Graphic file (type pdf)
 <use graphs/localityTraffic.pdf>
Package pdftex.def Info: graphs/localityTraffic.pdf used on input line 12.
(pdftex.def)             Requested size: 269.84639pt x 208.52008pt.
 <referencegraphs/localityTraffic.pdf, id=4, 794.97pt x 614.295pt>
File: referencegraphs/localityTraffic.pdf Graphic file (type pdf)
 <use referencegraphs/localityTraffic.pdf>
Package pdftex.def Info: referencegraphs/localityTraffic.pdf used on input line 13.
(pdftex.def)             Requested size: 269.84639pt x 208.52008pt.

Overfull \hbox (2.43333pt too wide) in paragraph at lines 12--14
[][] [] 
 []

<graphs/numBrokersDelay.pdf, id=5, 794.97pt x 614.295pt>
File: graphs/numBrokersDelay.pdf Graphic file (type pdf)
 <use graphs/numBrokersDelay.pdf>
Package pdftex.def Info: graphs/numBrokersDelay.pdf used on input line 16.
(pdftex.def)             Requested size: 269.84639pt x 208.52008pt.
 <referencegraphs/numBrokersDelay.pdf, id=6, 794.97pt x 614.295pt>
File: referencegraphs/numBrokersDelay.pdf Graphic file (type pdf)
 <use referencegraphs/numBrokersDelay.pdf>
Package pdftex.def Info: referencegraphs/numBrokersDelay.pdf used on input line 17.
(pdftex.def)             Requested size: 269.84639pt x 208.52008pt.

Overfull \hbox (2.43333pt too wide) in paragraph at lines 16--18
[][] [] 
 []

<graphs/numBrokersTraffic.pdf, id=7, 794.97pt x 614.295pt>
File: graphs/numBrokersTraffic.pdf Graphic file (type pdf)
 <use graphs/numBrokersTraffic.pdf>
Package pdftex.def Info: graphs/numBrokersTraffic.pdf used on input line 20.
(pdftex.def)             Requested size: 269.84639pt x 208.52008pt.
 <referencegraphs/numBrokersTraffic.pdf, id=8, 794.97pt x 614.295pt>
File: referencegraphs/numBrokersTraffic.pdf Graphic file (type pdf)
 <use referencegraphs/numBrokersTraffic.pdf>
Package pdftex.def Info: referencegraphs/numBrokersTraffic.pdf used on input line 21.
(pdftex.def)             Requested size: 269.84639pt x 208.52008pt.

Overfull \hbox (2.43333pt too wide) in paragraph at lines 20--22
[][] [] 
 []

<graphs/numGraphDependenciesDelay.pdf, id=9, 794.97pt x 614.295pt>
File: graphs/numGraphDependenciesDelay.pdf Graphic file (type pdf)
 <use graphs/numGraphDependenciesDelay.pdf>
Package pdftex.def Info: graphs/numGraphDependenciesDelay.pdf used on input line 24.
(pdftex.def)             Requested size: 269.84639pt x 208.52008pt.
 <referencegraphs/numGraphDependenciesDelay.pdf, id=10, 794.97pt x 614.295pt>
File: referencegraphs/numGraphDependenciesDelay.pdf Graphic file (type pdf)
 <use referencegraphs/numGraphDependenciesDelay.pdf>
Package pdftex.def Info: referencegraphs/numGraphDependenciesDelay.pdf used on input line 25.
(pdftex.def)             Requested size: 269.84639pt x 208.52008pt.

Overfull \hbox (2.43333pt too wide) in paragraph at lines 24--26
[][] [] 
 []

<graphs/numGraphDependenciesTraffic.pdf, id=11, 794.97pt x 614.295pt>
File: graphs/numGraphDependenciesTraffic.pdf Graphic file (type pdf)
 <use graphs/numGraphDependenciesTraffic.pdf>
Package pdftex.def Info: graphs/numGraphDependenciesTraffic.pdf used on input line 28.
(pdftex.def)             Requested size: 269.84639pt x 208.52008pt.
 <referencegraphs/numGraphDependenciesTraffic.pdf, id=12, 794.97pt x 614.295pt>
File: referencegraphs/numGraphDependenciesTraffic.pdf Graphic file (type pdf)
 <use referencegraphs/numGraphDependenciesTraffic.pdf>
Package pdftex.def Info: referencegraphs/numGraphDependenciesTraffic.pdf used on input line 29.
(pdftex.def)             Requested size: 269.84639pt x 208.52008pt.

Overfull \hbox (2.43333pt too wide) in paragraph at lines 28--30
[][] [] 
 []

<graphs/numGraphNodesDelay.pdf, id=13, 794.97pt x 614.295pt>
File: graphs/numGraphNodesDelay.pdf Graphic file (type pdf)
 <use graphs/numGraphNodesDelay.pdf>
Package pdftex.def Info: graphs/numGraphNodesDelay.pdf used on input line 32.
(pdftex.def)             Requested size: 269.84639pt x 208.52008pt.
 <referencegraphs/numGraphNodesDelay.pdf, id=14, 794.97pt x 614.295pt>
File: referencegraphs/numGraphNodesDelay.pdf Graphic file (type pdf)
 <use referencegraphs/numGraphNodesDelay.pdf>
Package pdftex.def Info: referencegraphs/numGraphNodesDelay.pdf used on input line 33.
(pdftex.def)             Requested size: 269.84639pt x 208.52008pt.

Overfull \hbox (2.43333pt too wide) in paragraph at lines 32--34
[][] [] 
 []

<graphs/numGraphNodesTraffic.pdf, id=15, 794.97pt x 614.295pt>
File: graphs/numGraphNodesTraffic.pdf Graphic file (type pdf)
 <use graphs/numGraphNodesTraffic.pdf>
Package pdftex.def Info: graphs/numGraphNodesTraffic.pdf used on input line 36.
(pdftex.def)             Requested size: 269.84639pt x 208.52008pt.
 <referencegraphs/numGraphNodesTraffic.pdf, id=16, 794.97pt x 614.295pt>
File: referencegraphs/numGraphNodesTraffic.pdf Graphic file (type pdf)
 <use referencegraphs/numGraphNodesTraffic.pdf>
Package pdftex.def Info: referencegraphs/numGraphNodesTraffic.pdf used on input line 37.
(pdftex.def)             Requested size: 269.84639pt x 208.52008pt.

Overfull \hbox (2.43333pt too wide) in paragraph at lines 36--38
[][] [] 
 []

<graphs/pubFrequencyDelay.pdf, id=17, 794.97pt x 614.295pt>
File: graphs/pubFrequencyDelay.pdf Graphic file (type pdf)
 <use graphs/pubFrequencyDelay.pdf>
Package pdftex.def Info: graphs/pubFrequencyDelay.pdf used on input line 40.
(pdftex.def)             Requested size: 269.84639pt x 208.52008pt.
 <referencegraphs/pubFrequencyDelay.pdf, id=18, 794.97pt x 614.295pt>
File: referencegraphs/pubFrequencyDelay.pdf Graphic file (type pdf)
 <use referencegraphs/pubFrequencyDelay.pdf>
Package pdftex.def Info: referencegraphs/pubFrequencyDelay.pdf used on input line 41.
(pdftex.def)             Requested size: 269.84639pt x 208.52008pt.

Overfull \hbox (2.43333pt too wide) in paragraph at lines 40--42
[][] [] 
 []

<graphs/pubFrequencyTraffic.pdf, id=19, 794.97pt x 614.295pt>
File: graphs/pubFrequencyTraffic.pdf Graphic file (type pdf)
 <use graphs/pubFrequencyTraffic.pdf>
Package pdftex.def Info: graphs/pubFrequencyTraffic.pdf used on input line 44.
(pdftex.def)             Requested size: 269.84639pt x 208.52008pt.
 <referencegraphs/pubFrequencyTraffic.pdf, id=20, 794.97pt x 614.295pt>
File: referencegraphs/pubFrequencyTraffic.pdf Graphic file (type pdf)
 <use referencegraphs/pubFrequencyTraffic.pdf>
Package pdftex.def Info: referencegraphs/pubFrequencyTraffic.pdf used on input line 45.
(pdftex.def)             Requested size: 269.84639pt x 208.52008pt.

Overfull \hbox (2.43333pt too wide) in paragraph at lines 44--46
[][] [] 
 []

[1{/Users/kimberninger/Library/texlive/2013/texmf-var/fonts/map/pdftex/updmap/pdftex.map} <./graphs/localityDelay.pdf> <./referencegraphs/localityDelay.pdf> <./graphs/localityTraffic.pdf> <./referencegraphs/localityTraffic.pdf> <./graphs/numBrokersDelay.pdf> <./referencegraphs/numBrokersDelay.pdf>] [2 <./graphs/numBrokersTraffic.pdf> <./referencegraphs/numBrokersTraffic.pdf> <./graphs/numGraphDependenciesDelay.pdf> <./referencegraphs/numGraphDependenciesDelay.pdf> <./graphs/numGraphDependenciesTraffic.pdf> <./referencegraphs/numGraphDependenciesTraffic.pdf>] [3 <./graphs/numGraphNodesDelay.pdf> <./referencegraphs/numGraphNodesDelay.pdf> <./graphs/numGraphNodesTraffic.pdf> <./referencegraphs/numGraphNodesTraffic.pdf> <./graphs/pubFrequencyDelay.pdf> <./referencegraphs/pubFrequencyDelay.pdf>] [4 <./graphs/pubFrequencyTraffic.pdf> <./referencegraphs/pubFrequencyTraffic.pdf>] (/Users/kimberninger/Desktop/Change Report/Graphs/.texpadtmp/graphs.aux) ) 
Here is how much of TeX's memory you used:
 2028 strings out of 493315
 31937 string characters out of 6137904
 92172 words of memory out of 5000000
 5478 multiletter control sequences out of 15000+600000
 3940 words of font info for 15 fonts, out of 8000000 for 9000
 957 hyphenation exceptions out of 8191
 37i,5n,32p,232b,217s stack positions out of 5000i,500n,10000p,200000b,80000s
</usr/local/texlive/2013/texmf-dist/fonts/type1/public/amsfonts/cm/cmr10.pfb>
Output written on "/Users/kimberninger/Desktop/Change Report/Graphs/.texpadtmp/graphs.pdf" (4 pages, 321518 bytes).
PDF statistics:
 283 PDF objects out of 1000 (max. 8388607)
 213 compressed objects within 3 object streams
 0 named destinations out of 1000 (max. 500000)
 101 words of extra memory for PDF output out of 10000 (max. 10000000)

