#
# A fatal error has been detected by the Java Runtime Environment:
#
#  SIGSEGV (0xb) at pc=0x0000000109be29a0, pid=2340, tid=18691
#
# JRE version: Java(TM) SE Runtime Environment (8.0-b132) (build 1.8.0-b132)
# Java VM: Java HotSpot(TM) 64-Bit Server VM (25.0-b70 mixed mode bsd-amd64 compressed oops)
# Problematic frame:
# V  [libjvm.dylib+0x40b9a0]
#
# Failed to write core dump. Core dumps have been disabled. To enable core dumping, try "ulimit -c unlimited" before starting Java again
#
# If you would like to submit a bug report, please visit:
#   http://bugreport.sun.com/bugreport/crash.jsp
#

---------------  T H R E A D  ---------------

Current thread (0x00007f946a812000):  JavaThread "JDWP Transport Listener: dt_socket" daemon [_thread_in_vm, id=18691, stack(0x0000000128e4f000,0x0000000128f4f000)]

siginfo:si_signo=SIGSEGV: si_errno=0, si_code=0 (SEGV0), si_addr=0x0000000000000000

Registers:
RAX=0x0000000000000001, RBX=0x0000000128f4ea8b, RCX=0x0000000109f86780, RDX=0x0000000128f4ea8b
RSP=0x0000000128f4e9d0, RBP=0x0000000128f4e9e0, RSI=0x00007f946a812000, RDI=0x6176616a4c3c6e6f
R8 =0x0000000000000000, R9 =0x00007f9469d00000, R10=0x0000000000000010, R11=0x00007f9469d00000
R12=0x00007f946a812000, R13=0x6176616a4c3c6e6f, R14=0x6176616a4c3c6e6f, R15=0x00007f9469c1f0e0
RIP=0x0000000109be29a0, EFLAGS=0x0000000000010206, ERR=0x0000000000000000
  TRAPNO=0x000000000000000d

Top of Stack: (sp=0x0000000128f4e9d0)
0x0000000128f4e9d0:   0000000128f4ea8b 0000000128f4ea8b
0x0000000128f4e9e0:   0000000128f4ea40 0000000109afbcee
0x0000000128f4e9f0:   00007f946a812000 0000000000000000
0x0000000128f4ea00:   0000000000000000 0000000000000000
0x0000000128f4ea10:   00007f946a812000 00007f946a812000
0x0000000128f4ea20:   0000000128f4ea8b 0000000128f4ea90
0x0000000128f4ea30:   6176616a4c3c6e6f 000000000000000a
0x0000000128f4ea40:   0000000128f4ea60 000000010b8207dc
0x0000000128f4ea50:   0000000000000001 0000000128f4eb08
0x0000000128f4ea60:   0000000128f4ead0 000000010b805263
0x0000000128f4ea70:   0000000128f4eaa0 00007f9469d4e0e0
0x0000000128f4ea80:   0000000b00000032 0000001200f4eb08
0x0000000128f4ea90:   0000000000000000 0000000000000000
0x0000000128f4eaa0:   0000000000000000 0000000128f4ec90
0x0000000128f4eab0:   000000010b827eca 00007f9469e27000
0x0000000128f4eac0:   0000000128f4eb08 000000010b833588
0x0000000128f4ead0:   0000000128f4eae0 000000010b80535c
0x0000000128f4eae0:   0000000128f4ed00 000000010b80e8f6
0x0000000128f4eaf0:   00002ea500000013 00000000000f0200
0x0000000128f4eb00:   00007f9469e27020 00007f9469d4e399
0x0000000128f4eb10:   00007f940000003f 00007f9469d4e3e0
0x0000000128f4eb20:   00007f940000012c 0000000128f4eb58
0x0000000128f4eb30:   00007f9469d4e3e0 00007f0000000000
0x0000000128f4eb40:   00002ea50000001c 00007fff00000f80
0x0000000128f4eb50:   0000000128f4eb58 947f00000b000000
0x0000000128f4eb60:   06000000702a106c 00003e74696e693c
0x0000000128f4eb70:   0000562949280400 0000000000000000
0x0000000128f4eb80:   0000a0d5d469947f 796669746f6e0f00
0x0000000128f4eb90:   72656e657473694c 5629280300000073
0x0000000128f4eba0:   1000000000000000 902a106c947f0000
0x0000000128f4ebb0:   656e65670c000000 65646f4e65746172
0x0000000128f4ebc0:   616a4c2826000000 2f676e616c2f6176 

Instructions: (pc=0x0000000109be29a0)
0x0000000109be2980:   40 48 48 85 c0 75 e0 30 c0 0f b6 c0 5d c3 31 c0
0x0000000109be2990:   5d c3 55 48 89 e5 53 48 83 ec 08 48 85 ff 74 24
0x0000000109be29a0:   48 8b 1f 48 85 db 74 1c 48 83 fb 37 74 16 48 8b
0x0000000109be29b0:   03 48 89 df ff 50 08 84 c0 b8 00 00 00 00 48 0f 

Register to memory mapping:

RAX=0x0000000000000001 is an unknown value
RBX=0x0000000128f4ea8b is pointing into the stack for thread: 0x00007f946a812000
RCX=0x0000000109f86780: UseMembar+0 in /Library/Java/JavaVirtualMachines/jdk1.8.0.jdk/Contents/Home/jre/lib/server/libjvm.dylib at 0x00000001097d7000
RDX=0x0000000128f4ea8b is pointing into the stack for thread: 0x00007f946a812000
RSP=0x0000000128f4e9d0 is pointing into the stack for thread: 0x00007f946a812000
RBP=0x0000000128f4e9e0 is pointing into the stack for thread: 0x00007f946a812000
RSI=0x00007f946a812000 is a thread
RDI=0x6176616a4c3c6e6f is an unknown value
R8 =0x0000000000000000 is an unknown value
R9 =0x00007f9469d00000 is an unknown value
R10=0x0000000000000010 is an unknown value
R11=0x00007f9469d00000 is an unknown value
R12=0x00007f946a812000 is a thread
R13=0x6176616a4c3c6e6f is an unknown value
R14=0x6176616a4c3c6e6f is an unknown value
R15=0x00007f9469c1f0e0 is an unknown value


Stack: [0x0000000128e4f000,0x0000000128f4f000],  sp=0x0000000128f4e9d0,  free space=1022k
Native frames: (J=compiled Java code, j=interpreted, Vv=VM code, C=native code)
V  [libjvm.dylib+0x40b9a0]
V  [libjvm.dylib+0x324cee]
C  [libjdwp.dylib+0x207dc]  isMethodSynthetic+0x63
C  [libjdwp.dylib+0x5263]  methods1+0x10b
C  [libjdwp.dylib+0x535c]  methodsWithGeneric+0xe
C  [libjdwp.dylib+0xe8f6]  debugLoop_run+0x1ce
C  [libjdwp.dylib+0x1f716]  attachThread+0x4d
V  [libjvm.dylib+0x365d5e]
V  [libjvm.dylib+0x51d005]
V  [libjvm.dylib+0x51e742]
V  [libjvm.dylib+0x445786]
C  [libsystem_pthread.dylib+0x3268]  _pthread_body+0x83
C  [libsystem_pthread.dylib+0x31e5]  _pthread_body+0x0
C  [libsystem_pthread.dylib+0x141d]  thread_start+0xd


---------------  P R O C E S S  ---------------

Java Threads: ( => current thread )
  0x00007f946b053800 JavaThread "Service Thread" daemon [_thread_blocked, id=22275, stack(0x0000000129564000,0x0000000129664000)]
  0x00007f946b055000 JavaThread "C1 CompilerThread3" daemon [_thread_blocked, id=21763, stack(0x0000000129461000,0x0000000129561000)]
  0x00007f946a012000 JavaThread "C2 CompilerThread2" daemon [_thread_blocked, id=21251, stack(0x000000012935e000,0x000000012945e000)]
  0x00007f946a021000 JavaThread "C2 CompilerThread1" daemon [_thread_blocked, id=20739, stack(0x000000012925b000,0x000000012935b000)]
  0x00007f946c802800 JavaThread "C2 CompilerThread0" daemon [_thread_blocked, id=20227, stack(0x0000000129158000,0x0000000129258000)]
  0x00007f946b054800 JavaThread "JDWP Command Reader" daemon [_thread_in_native, id=19715, stack(0x0000000129055000,0x0000000129155000)]
  0x00007f946a82e800 JavaThread "JDWP Event Helper Thread" daemon [_thread_blocked, id=19203, stack(0x0000000128f52000,0x0000000129052000)]
=>0x00007f946a812000 JavaThread "JDWP Transport Listener: dt_socket" daemon [_thread_in_vm, id=18691, stack(0x0000000128e4f000,0x0000000128f4f000)]
  0x00007f946b030000 JavaThread "Signal Dispatcher" daemon [_thread_blocked, id=15383, stack(0x0000000128d45000,0x0000000128e45000)]
  0x00007f946b051800 JavaThread "Finalizer" daemon [_thread_blocked, id=13571, stack(0x0000000127325000,0x0000000127425000)]
  0x00007f946a019000 JavaThread "Reference Handler" daemon [_thread_blocked, id=13059, stack(0x0000000127222000,0x0000000127322000)]
  0x00007f946a801000 JavaThread "main" [_thread_blocked, id=4867, stack(0x000000010a6ae000,0x000000010a7ae000)]

Other Threads:
  0x00007f946b050800 VMThread [stack: 0x000000012711f000,0x000000012721f000] [id=12547]
  0x00007f946b056000 WatcherThread [stack: 0x0000000129667000,0x0000000129767000] [id=22787]

VM state:not at safepoint (normal execution)

VM Mutex/Monitor currently owned by a thread: None

Heap:
 PSYoungGen      total 13312K, used 4342K [0x000000076ab00000, 0x000000076b980000, 0x00000007c0000000)
  eden space 11776K, 33% used [0x000000076ab00000,0x000000076aee5a20,0x000000076b680000)
  from space 1536K, 22% used [0x000000076b800000,0x000000076b858000,0x000000076b980000)
  to   space 1536K, 0% used [0x000000076b680000,0x000000076b680000,0x000000076b800000)
 ParOldGen       total 260608K, used 2268K [0x00000006c0000000, 0x00000006cfe80000, 0x000000076ab00000)
  object space 260608K, 0% used [0x00000006c0000000,0x00000006c0237248,0x00000006cfe80000)
 Metaspace       used 7081K, capacity 7314K, committed 7552K, reserved 1056768K
  class space    used 821K, capacity 857K, committed 896K, reserved 1048576K

Card table byte_map: [0x000000011ac14000,0x000000011b415000] byte_map_base: 0x0000000117614000

Marking Bits: (ParMarkBitMap*) 0x000000010a03d0a0
 Begin Bits: [0x000000011c183000, 0x0000000120183000)
 End Bits:   [0x0000000120183000, 0x0000000124183000)

Polling page: 0x000000010a7f2000

CodeCache: size=245760Kb used=3549Kb max_used=3629Kb free=242210Kb
 bounds [0x000000010b854000, 0x000000010bc04000, 0x000000011a854000]
 total_blobs=1206 nmethods=906 adapters=224
 compilation: enabled

Compilation events (10 events):
Event: 0.727 Thread 0x00007f946c802800  903       4       java.util.ArrayList::iterator (10 bytes)
Event: 0.727 Thread 0x00007f946c802800 nmethod 903 0x000000010bb77450 code [0x000000010bb775a0, 0x000000010bb776a8]
Event: 0.727 Thread 0x00007f946c802800  902   !   4       java.util.ArrayList$ListItr::set (45 bytes)
Event: 0.729 Thread 0x00007f946c802800 nmethod 902 0x000000010bb764d0 code [0x000000010bb76640, 0x000000010bb768d8]
Event: 0.729 Thread 0x00007f946c802800  888       4       java.util.HashSet::size (8 bytes)
Event: 0.730 Thread 0x00007f946c802800 nmethod 888 0x000000010bae4210 code [0x000000010bae4360, 0x000000010bae43f8]
Event: 0.730 Thread 0x00007f946c802800  865       4       protopeer.network.IntegerNetworkAddress::hashCode (17 bytes)
Event: 0.730 Thread 0x00007f946c802800 nmethod 865 0x000000010baf9810 code [0x000000010baf9940, 0x000000010baf9998]
Event: 0.937 Thread 0x00007f946a012000 nmethod 802 0x000000010bb91310 code [0x000000010bb91ec0, 0x000000010bb9f6e0]
Event: 1.269 Thread 0x00007f946a021000 nmethod 855 0x000000010bbc6290 code [0x000000010bbc71c0, 0x000000010bbd7f08]

GC Heap History (10 events):
Event: 0.400 GC heap before
{Heap before GC invocations=6 (full 0):
 PSYoungGen      total 2560K, used 2560K [0x000000076ab00000, 0x000000076b100000, 0x00000007c0000000)
  eden space 2048K, 100% used [0x000000076ab00000,0x000000076ad00000,0x000000076ad00000)
  from space 512K, 100% used [0x000000076ad00000,0x000000076ad80000,0x000000076ad80000)
  to   space 1024K, 0% used [0x000000076b000000,0x000000076b000000,0x000000076b100000)
 ParOldGen       total 260608K, used 928K [0x00000006c0000000, 0x00000006cfe80000, 0x000000076ab00000)
  object space 260608K, 0% used [0x00000006c0000000,0x00000006c00e81e8,0x00000006cfe80000)
 Metaspace       used 6293K, capacity 6516K, committed 6784K, reserved 1056768K
  class space    used 721K, capacity 784K, committed 896K, reserved 1048576K
Event: 0.402 GC heap after
Heap after GC invocations=6 (full 0):
 PSYoungGen      total 4608K, used 1008K [0x000000076ab00000, 0x000000076b200000, 0x00000007c0000000)
  eden space 3584K, 0% used [0x000000076ab00000,0x000000076ab00000,0x000000076ae80000)
  from space 1024K, 98% used [0x000000076b000000,0x000000076b0fc010,0x000000076b100000)
  to   space 1536K, 0% used [0x000000076ae80000,0x000000076ae80000,0x000000076b000000)
 ParOldGen       total 260608K, used 960K [0x00000006c0000000, 0x00000006cfe80000, 0x000000076ab00000)
  object space 260608K, 0% used [0x00000006c0000000,0x00000006c00f01e8,0x00000006cfe80000)
 Metaspace       used 6293K, capacity 6516K, committed 6784K, reserved 1056768K
  class space    used 721K, capacity 784K, committed 896K, reserved 1048576K
}
Event: 0.494 GC heap before
{Heap before GC invocations=7 (full 0):
 PSYoungGen      total 4608K, used 4592K [0x000000076ab00000, 0x000000076b200000, 0x00000007c0000000)
  eden space 3584K, 100% used [0x000000076ab00000,0x000000076ae80000,0x000000076ae80000)
  from space 1024K, 98% used [0x000000076b000000,0x000000076b0fc010,0x000000076b100000)
  to   space 1536K, 0% used [0x000000076ae80000,0x000000076ae80000,0x000000076b000000)
 ParOldGen       total 260608K, used 960K [0x00000006c0000000, 0x00000006cfe80000, 0x000000076ab00000)
  object space 260608K, 0% used [0x00000006c0000000,0x00000006c00f01e8,0x00000006cfe80000)
 Metaspace       used 6971K, capacity 7186K, committed 7296K, reserved 1056768K
  class space    used 819K, capacity 857K, committed 896K, reserved 1048576K
Event: 0.496 GC heap after
Heap after GC invocations=7 (full 0):
 PSYoungGen      total 5120K, used 1120K [0x000000076ab00000, 0x000000076b500000, 0x00000007c0000000)
  eden space 3584K, 0% used [0x000000076ab00000,0x000000076ab00000,0x000000076ae80000)
  from space 1536K, 72% used [0x000000076ae80000,0x000000076af98000,0x000000076b000000)
  to   space 1536K, 0% used [0x000000076b380000,0x000000076b380000,0x000000076b500000)
 ParOldGen       total 260608K, used 1232K [0x00000006c0000000, 0x00000006cfe80000, 0x000000076ab00000)
  object space 260608K, 0% used [0x00000006c0000000,0x00000006c0134238,0x00000006cfe80000)
 Metaspace       used 6971K, capacity 7186K, committed 7296K, reserved 1056768K
  class space    used 819K, capacity 857K, committed 896K, reserved 1048576K
}
Event: 0.522 GC heap before
{Heap before GC invocations=8 (full 0):
 PSYoungGen      total 5120K, used 4704K [0x000000076ab00000, 0x000000076b500000, 0x00000007c0000000)
  eden space 3584K, 100% used [0x000000076ab00000,0x000000076ae80000,0x000000076ae80000)
  from space 1536K, 72% used [0x000000076ae80000,0x000000076af98000,0x000000076b000000)
  to   space 1536K, 0% used [0x000000076b380000,0x000000076b380000,0x000000076b500000)
 ParOldGen       total 260608K, used 1232K [0x00000006c0000000, 0x00000006cfe80000, 0x000000076ab00000)
  object space 260608K, 0% used [0x00000006c0000000,0x00000006c0134238,0x00000006cfe80000)
 Metaspace       used 7004K, capacity 7186K, committed 7296K, reserved 1056768K
  class space    used 819K, capacity 857K, committed 896K, reserved 1048576K
Event: 0.523 GC heap after
Heap after GC invocations=8 (full 0):
 PSYoungGen      total 8704K, used 1024K [0x000000076ab00000, 0x000000076b500000, 0x00000007c0000000)
  eden space 7168K, 0% used [0x000000076ab00000,0x000000076ab00000,0x000000076b200000)
  from space 1536K, 66% used [0x000000076b380000,0x000000076b480000,0x000000076b500000)
  to   space 1536K, 0% used [0x000000076b200000,0x000000076b200000,0x000000076b380000)
 ParOldGen       total 260608K, used 1400K [0x00000006c0000000, 0x00000006cfe80000, 0x000000076ab00000)
  object space 260608K, 0% used [0x00000006c0000000,0x00000006c015e238,0x00000006cfe80000)
 Metaspace       used 7004K, capacity 7186K, committed 7296K, reserved 1056768K
  class space    used 819K, capacity 857K, committed 896K, reserved 1048576K
}
Event: 0.557 GC heap before
{Heap before GC invocations=9 (full 0):
 PSYoungGen      total 8704K, used 8192K [0x000000076ab00000, 0x000000076b500000, 0x00000007c0000000)
  eden space 7168K, 100% used [0x000000076ab00000,0x000000076b200000,0x000000076b200000)
  from space 1536K, 66% used [0x000000076b380000,0x000000076b480000,0x000000076b500000)
  to   space 1536K, 0% used [0x000000076b200000,0x000000076b200000,0x000000076b380000)
 ParOldGen       total 260608K, used 1400K [0x00000006c0000000, 0x00000006cfe80000, 0x000000076ab00000)
  object space 260608K, 0% used [0x00000006c0000000,0x00000006c015e238,0x00000006cfe80000)
 Metaspace       used 7030K, capacity 7250K, committed 7296K, reserved 1056768K
  class space    used 819K, capacity 857K, committed 896K, reserved 1048576K
Event: 0.559 GC heap after
Heap after GC invocations=9 (full 0):
 PSYoungGen      total 8704K, used 576K [0x000000076ab00000, 0x000000076b980000, 0x00000007c0000000)
  eden space 7168K, 0% used [0x000000076ab00000,0x000000076ab00000,0x000000076b200000)
  from space 1536K, 37% used [0x000000076b200000,0x000000076b290000,0x000000076b380000)
  to   space 1536K, 0% used [0x000000076b800000,0x000000076b800000,0x000000076b980000)
 ParOldGen       total 260608K, used 1964K [0x00000006c0000000, 0x00000006cfe80000, 0x000000076ab00000)
  object space 260608K, 0% used [0x00000006c0000000,0x00000006c01eb248,0x00000006cfe80000)
 Metaspace       used 7030K, capacity 7250K, committed 7296K, reserved 1056768K
  class space    used 819K, capacity 857K, committed 896K, reserved 1048576K
}
Event: 0.579 GC heap before
{Heap before GC invocations=10 (full 0):
 PSYoungGen      total 8704K, used 7744K [0x000000076ab00000, 0x000000076b980000, 0x00000007c0000000)
  eden space 7168K, 100% used [0x000000076ab00000,0x000000076b200000,0x000000076b200000)
  from space 1536K, 37% used [0x000000076b200000,0x000000076b290000,0x000000076b380000)
  to   space 1536K, 0% used [0x000000076b800000,0x000000076b800000,0x000000076b980000)
 ParOldGen       total 260608K, used 1964K [0x00000006c0000000, 0x00000006cfe80000, 0x000000076ab00000)
  object space 260608K, 0% used [0x00000006c0000000,0x00000006c01eb248,0x00000006cfe80000)
 Metaspace       used 7040K, capacity 7250K, committed 7296K, reserved 1056768K
  class space    used 819K, capacity 857K, committed 896K, reserved 1048576K
Event: 0.579 GC heap after
Heap after GC invocations=10 (full 0):
 PSYoungGen      total 13312K, used 352K [0x000000076ab00000, 0x000000076b980000, 0x00000007c0000000)
  eden space 11776K, 0% used [0x000000076ab00000,0x000000076ab00000,0x000000076b680000)
  from space 1536K, 22% used [0x000000076b800000,0x000000076b858000,0x000000076b980000)
  to   space 1536K, 0% used [0x000000076b680000,0x000000076b680000,0x000000076b800000)
 ParOldGen       total 260608K, used 2268K [0x00000006c0000000, 0x00000006cfe80000, 0x000000076ab00000)
  object space 260608K, 0% used [0x00000006c0000000,0x00000006c0237248,0x00000006cfe80000)
 Metaspace       used 7040K, capacity 7250K, committed 7296K, reserved 1056768K
  class space    used 819K, capacity 857K, committed 896K, reserved 1048576K
}

Deoptimization events (4 events):
Event: 0.590 Thread 0x00007f946a801000 Uncommon trap: reason=class_check action=maybe_recompile pc=0x000000010baf1710 method=java.io.ObjectOutputStream$BlockDataOutputStream.drain()V @ 36
Event: 0.590 Thread 0x00007f946a801000 Uncommon trap: reason=class_check action=maybe_recompile pc=0x000000010baf1710 method=java.io.ObjectOutputStream$BlockDataOutputStream.drain()V @ 36
Event: 0.590 Thread 0x00007f946a801000 Uncommon trap: reason=class_check action=maybe_recompile pc=0x000000010baf1710 method=java.io.ObjectOutputStream$BlockDataOutputStream.drain()V @ 36
Event: 0.590 Thread 0x00007f946a801000 Uncommon trap: reason=class_check action=maybe_recompile pc=0x000000010baf1710 method=java.io.ObjectOutputStream$BlockDataOutputStream.drain()V @ 36

Internal exceptions (10 events):
Event: 0.445 Thread 0x00007f946a801000 Exception <a 'java/security/PrivilegedActionException'> (0x000000076abaa6d0) thrown at [/HUDSON/workspace/8-2-build-macosx-x86_64/jdk8/2238/hotspot/src/share/vm/prims/jvm.cpp, line 1248]
Event: 0.473 Thread 0x00007f946a801000 Exception <a 'java/security/PrivilegedActionException'> (0x000000076acdfe38) thrown at [/HUDSON/workspace/8-2-build-macosx-x86_64/jdk8/2238/hotspot/src/share/vm/prims/jvm.cpp, line 1248]
Event: 0.474 Thread 0x00007f946a801000 Exception <a 'java/security/PrivilegedActionException'> (0x000000076ace2348) thrown at [/HUDSON/workspace/8-2-build-macosx-x86_64/jdk8/2238/hotspot/src/share/vm/prims/jvm.cpp, line 1248]
Event: 0.474 Thread 0x00007f946a801000 Exception <a 'java/security/PrivilegedActionException'> (0x000000076ace46d0) thrown at [/HUDSON/workspace/8-2-build-macosx-x86_64/jdk8/2238/hotspot/src/share/vm/prims/jvm.cpp, line 1248]
Event: 0.474 Thread 0x00007f946a801000 Exception <a 'java/security/PrivilegedActionException'> (0x000000076ace6cf0) thrown at [/HUDSON/workspace/8-2-build-macosx-x86_64/jdk8/2238/hotspot/src/share/vm/prims/jvm.cpp, line 1248]
Event: 0.475 Thread 0x00007f946a801000 Exception <a 'java/security/PrivilegedActionException'> (0x000000076acea6b0) thrown at [/HUDSON/workspace/8-2-build-macosx-x86_64/jdk8/2238/hotspot/src/share/vm/prims/jvm.cpp, line 1248]
Event: 0.475 Thread 0x00007f946a801000 Exception <a 'java/security/PrivilegedActionException'> (0x000000076aced6e0) thrown at [/HUDSON/workspace/8-2-build-macosx-x86_64/jdk8/2238/hotspot/src/share/vm/prims/jvm.cpp, line 1248]
Event: 0.477 Thread 0x00007f946a801000 Exception <a 'java/lang/NoSuchMethodError': <clinit>> (0x000000076acfd420) thrown at [/HUDSON/workspace/8-2-build-macosx-x86_64/jdk8/2238/hotspot/src/share/vm/prims/jni.cpp, line 1599]
Event: 0.477 Thread 0x00007f946a801000 Exception <a 'java/lang/NoSuchMethodError': <clinit>> (0x000000076acffe40) thrown at [/HUDSON/workspace/8-2-build-macosx-x86_64/jdk8/2238/hotspot/src/share/vm/prims/jni.cpp, line 1599]
Event: 0.591 Thread 0x00007f946a801000 Exception <a 'java/security/PrivilegedActionException'> (0x000000076aec03b8) thrown at [/HUDSON/workspace/8-2-build-macosx-x86_64/jdk8/2238/hotspot/src/share/vm/prims/jvm.cpp, line 1248]

Events (10 events):
Event: 526.706 Executing VM operation: GetOrSetLocal
Event: 526.706 Executing VM operation: GetOrSetLocal done
Event: 526.707 Executing VM operation: GetOrSetLocal
Event: 526.707 Executing VM operation: GetOrSetLocal done
Event: 526.707 Executing VM operation: GetOrSetLocal
Event: 526.707 Executing VM operation: GetOrSetLocal done
Event: 526.708 Executing VM operation: GetOrSetLocal
Event: 526.708 Executing VM operation: GetOrSetLocal done
Event: 528.048 Executing VM operation: RedefineClasses
Event: 528.053 Executing VM operation: RedefineClasses done


Dynamic libraries:
0x000000000adb2000 	/System/Library/Frameworks/Cocoa.framework/Versions/A/Cocoa
0x000000000adb2000 	/System/Library/Frameworks/Security.framework/Versions/A/Security
0x000000000adb2000 	/System/Library/Frameworks/ApplicationServices.framework/Versions/A/ApplicationServices
0x000000000adb2000 	/usr/lib/libz.1.dylib
0x000000000adb2000 	/usr/lib/libSystem.B.dylib
0x000000000adb2000 	/usr/lib/libobjc.A.dylib
0x000000000adb2000 	/System/Library/Frameworks/CoreFoundation.framework/Versions/A/CoreFoundation
0x000000000adb2000 	/System/Library/Frameworks/Foundation.framework/Versions/C/Foundation
0x000000000adb2000 	/System/Library/Frameworks/AppKit.framework/Versions/C/AppKit
0x000000000adb2000 	/System/Library/Frameworks/CoreData.framework/Versions/A/CoreData
0x000000000adb2000 	/System/Library/PrivateFrameworks/RemoteViewServices.framework/Versions/A/RemoteViewServices
0x000000000adb2000 	/System/Library/PrivateFrameworks/UIFoundation.framework/Versions/A/UIFoundation
0x000000000adb2000 	/System/Library/Frameworks/IOSurface.framework/Versions/A/IOSurface
0x000000000adb2000 	/System/Library/Frameworks/AudioToolbox.framework/Versions/A/AudioToolbox
0x000000000adb2000 	/System/Library/Frameworks/AudioUnit.framework/Versions/A/AudioUnit
0x000000000adb2000 	/System/Library/PrivateFrameworks/DataDetectorsCore.framework/Versions/A/DataDetectorsCore
0x000000000adb2000 	/System/Library/PrivateFrameworks/DesktopServicesPriv.framework/Versions/A/DesktopServicesPriv
0x000000000adb2000 	/System/Library/Frameworks/Carbon.framework/Versions/A/Frameworks/HIToolbox.framework/Versions/A/HIToolbox
0x000000000adb2000 	/System/Library/Frameworks/QuartzCore.framework/Versions/A/QuartzCore
0x000000000adb2000 	/System/Library/Frameworks/Carbon.framework/Versions/A/Frameworks/SpeechRecognition.framework/Versions/A/SpeechRecognition
0x000000000adb2000 	/usr/lib/libauto.dylib
0x000000000adb2000 	/usr/lib/libicucore.A.dylib
0x000000000adb2000 	/usr/lib/libxml2.2.dylib
0x000000000adb2000 	/System/Library/PrivateFrameworks/CoreUI.framework/Versions/A/CoreUI
0x000000000adb2000 	/System/Library/Frameworks/CoreAudio.framework/Versions/A/CoreAudio
0x000000000adb2000 	/System/Library/Frameworks/DiskArbitration.framework/Versions/A/DiskArbitration
0x000000000adb2000 	/usr/lib/liblangid.dylib
0x000000000adb2000 	/System/Library/PrivateFrameworks/MultitouchSupport.framework/Versions/A/MultitouchSupport
0x000000000adb2000 	/System/Library/Frameworks/IOKit.framework/Versions/A/IOKit
0x000000000adb2000 	/usr/lib/libDiagnosticMessagesClient.dylib
0x000000000adb2000 	/System/Library/Frameworks/CoreServices.framework/Versions/A/CoreServices
0x000000000adb2000 	/System/Library/PrivateFrameworks/PerformanceAnalysis.framework/Versions/A/PerformanceAnalysis
0x000000000adb2000 	/System/Library/PrivateFrameworks/GenerationalStorage.framework/Versions/A/GenerationalStorage
0x000000000adb2000 	/System/Library/Frameworks/OpenGL.framework/Versions/A/OpenGL
0x000000000adb2000 	/System/Library/PrivateFrameworks/Sharing.framework/Versions/A/Sharing
0x000000000adb2000 	/System/Library/Frameworks/CoreGraphics.framework/Versions/A/CoreGraphics
0x000000000adb2000 	/System/Library/Frameworks/CoreText.framework/Versions/A/CoreText
0x000000000adb2000 	/System/Library/Frameworks/ImageIO.framework/Versions/A/ImageIO
0x000000000adb2000 	/usr/lib/libextension.dylib
0x000000000adb2000 	/System/Library/PrivateFrameworks/Backup.framework/Versions/A/Backup
0x000000000adb2000 	/usr/lib/libarchive.2.dylib
0x000000000adb2000 	/System/Library/Frameworks/CFNetwork.framework/Versions/A/CFNetwork
0x000000000adb2000 	/System/Library/Frameworks/SystemConfiguration.framework/Versions/A/SystemConfiguration
0x000000000adb2000 	/usr/lib/libCRFSuite.dylib
0x000000000adb2000 	/usr/lib/libc++.1.dylib
0x000000000adb2000 	/usr/lib/libc++abi.dylib
0x000000000adb2000 	/usr/lib/system/libcache.dylib
0x000000000adb2000 	/usr/lib/system/libcommonCrypto.dylib
0x000000000adb2000 	/usr/lib/system/libcompiler_rt.dylib
0x000000000adb2000 	/usr/lib/system/libcopyfile.dylib
0x000000000adb2000 	/usr/lib/system/libcorecrypto.dylib
0x000000000adb2000 	/usr/lib/system/libdispatch.dylib
0x000000000adb2000 	/usr/lib/system/libdyld.dylib
0x000000000adb2000 	/usr/lib/system/libkeymgr.dylib
0x000000000adb2000 	/usr/lib/system/liblaunch.dylib
0x000000000adb2000 	/usr/lib/system/libmacho.dylib
0x000000000adb2000 	/usr/lib/system/libquarantine.dylib
0x000000000adb2000 	/usr/lib/system/libremovefile.dylib
0x000000000adb2000 	/usr/lib/system/libsystem_asl.dylib
0x000000000adb2000 	/usr/lib/system/libsystem_blocks.dylib
0x000000000adb2000 	/usr/lib/system/libsystem_c.dylib
0x000000000adb2000 	/usr/lib/system/libsystem_configuration.dylib
0x000000000adb2000 	/usr/lib/system/libsystem_coreservices.dylib
0x000000000adb2000 	/usr/lib/system/libsystem_coretls.dylib
0x000000000adb2000 	/usr/lib/system/libsystem_dnssd.dylib
0x000000000adb2000 	/usr/lib/system/libsystem_info.dylib
0x000000000adb2000 	/usr/lib/system/libsystem_kernel.dylib
0x000000000adb2000 	/usr/lib/system/libsystem_m.dylib
0x000000000adb2000 	/usr/lib/system/libsystem_malloc.dylib
0x000000000adb2000 	/usr/lib/system/libsystem_network.dylib
0x000000000adb2000 	/usr/lib/system/libsystem_networkextension.dylib
0x000000000adb2000 	/usr/lib/system/libsystem_notify.dylib
0x000000000adb2000 	/usr/lib/system/libsystem_platform.dylib
0x000000000adb2000 	/usr/lib/system/libsystem_pthread.dylib
0x000000000adb2000 	/usr/lib/system/libsystem_sandbox.dylib
0x000000000adb2000 	/usr/lib/system/libsystem_secinit.dylib
0x000000000adb2000 	/usr/lib/system/libsystem_stats.dylib
0x000000000adb2000 	/usr/lib/system/libsystem_trace.dylib
0x000000000adb2000 	/usr/lib/system/libunc.dylib
0x000000000adb2000 	/usr/lib/system/libunwind.dylib
0x000000000adb2000 	/usr/lib/system/libxpc.dylib
0x000000000adb2000 	/usr/lib/libbz2.1.0.dylib
0x000000000adb2000 	/usr/lib/liblzma.5.dylib
0x000000000adb2000 	/usr/lib/libbsm.0.dylib
0x000000000adb2000 	/usr/lib/libsqlite3.dylib
0x000000000adb2000 	/usr/lib/system/libkxld.dylib
0x000000000adb2000 	/usr/lib/libxar.1.dylib
0x000000000adb2000 	/usr/lib/libpam.2.dylib
0x000000000adb2000 	/usr/lib/libOpenScriptingUtil.dylib
0x000000000adb2000 	/System/Library/Frameworks/CoreServices.framework/Versions/A/Frameworks/FSEvents.framework/Versions/A/FSEvents
0x000000000adb2000 	/System/Library/Frameworks/CoreServices.framework/Versions/A/Frameworks/CarbonCore.framework/Versions/A/CarbonCore
0x000000000adb2000 	/System/Library/Frameworks/CoreServices.framework/Versions/A/Frameworks/Metadata.framework/Versions/A/Metadata
0x000000000adb2000 	/System/Library/Frameworks/CoreServices.framework/Versions/A/Frameworks/OSServices.framework/Versions/A/OSServices
0x000000000adb2000 	/System/Library/Frameworks/CoreServices.framework/Versions/A/Frameworks/SearchKit.framework/Versions/A/SearchKit
0x000000000adb2000 	/System/Library/Frameworks/CoreServices.framework/Versions/A/Frameworks/AE.framework/Versions/A/AE
0x000000000adb2000 	/System/Library/Frameworks/CoreServices.framework/Versions/A/Frameworks/LaunchServices.framework/Versions/A/LaunchServices
0x000000000adb2000 	/System/Library/Frameworks/CoreServices.framework/Versions/A/Frameworks/DictionaryServices.framework/Versions/A/DictionaryServices
0x000000000adb2000 	/System/Library/Frameworks/NetFS.framework/Versions/A/NetFS
0x000000000adb2000 	/System/Library/PrivateFrameworks/NetAuth.framework/Versions/A/NetAuth
0x000000000adb2000 	/System/Library/PrivateFrameworks/login.framework/Versions/A/Frameworks/loginsupport.framework/Versions/A/loginsupport
0x000000000adb2000 	/System/Library/PrivateFrameworks/TCC.framework/Versions/A/TCC
0x000000000adb2000 	/usr/lib/libmecabra.dylib
0x000000000adb2000 	/System/Library/Frameworks/ApplicationServices.framework/Versions/A/Frameworks/ATS.framework/Versions/A/ATS
0x000000000adb2000 	/System/Library/Frameworks/ApplicationServices.framework/Versions/A/Frameworks/ColorSync.framework/Versions/A/ColorSync
0x000000000adb2000 	/System/Library/Frameworks/ApplicationServices.framework/Versions/A/Frameworks/HIServices.framework/Versions/A/HIServices
0x000000000adb2000 	/System/Library/Frameworks/ApplicationServices.framework/Versions/A/Frameworks/LangAnalysis.framework/Versions/A/LangAnalysis
0x000000000adb2000 	/System/Library/Frameworks/ApplicationServices.framework/Versions/A/Frameworks/PrintCore.framework/Versions/A/PrintCore
0x000000000adb2000 	/System/Library/Frameworks/ApplicationServices.framework/Versions/A/Frameworks/QD.framework/Versions/A/QD
0x000000000adb2000 	/System/Library/Frameworks/ApplicationServices.framework/Versions/A/Frameworks/SpeechSynthesis.framework/Versions/A/SpeechSynthesis
0x000000000adb2000 	/System/Library/Frameworks/Accelerate.framework/Versions/A/Accelerate
0x000000000adb2000 	/System/Library/Frameworks/Accelerate.framework/Versions/A/Frameworks/vImage.framework/Versions/A/vImage
0x000000000adb2000 	/System/Library/Frameworks/Accelerate.framework/Versions/A/Frameworks/vecLib.framework/Versions/A/vecLib
0x000000000adb2000 	/System/Library/Frameworks/Accelerate.framework/Versions/A/Frameworks/vecLib.framework/Versions/A/libvDSP.dylib
0x000000000adb2000 	/System/Library/Frameworks/Accelerate.framework/Versions/A/Frameworks/vecLib.framework/Versions/A/libvMisc.dylib
0x000000000adb2000 	/System/Library/Frameworks/Accelerate.framework/Versions/A/Frameworks/vecLib.framework/Versions/A/libLAPACK.dylib
0x000000000adb2000 	/System/Library/Frameworks/Accelerate.framework/Versions/A/Frameworks/vecLib.framework/Versions/A/libBLAS.dylib
0x000000000adb2000 	/System/Library/Frameworks/Accelerate.framework/Versions/A/Frameworks/vecLib.framework/Versions/A/libLinearAlgebra.dylib
0x000000000adb2000 	/System/Library/Frameworks/ApplicationServices.framework/Versions/A/Frameworks/ATS.framework/Versions/A/Resources/libFontParser.dylib
0x000000000adb2000 	/System/Library/Frameworks/ApplicationServices.framework/Versions/A/Frameworks/ATS.framework/Versions/A/Resources/libFontRegistry.dylib
0x000000000adb2000 	/System/Library/PrivateFrameworks/AppleVPA.framework/Versions/A/AppleVPA
0x000000000adb2000 	/System/Library/PrivateFrameworks/AppleJPEG.framework/Versions/A/AppleJPEG
0x000000000adb2000 	/System/Library/Frameworks/ImageIO.framework/Versions/A/Resources/libJPEG.dylib
0x000000000adb2000 	/System/Library/Frameworks/ImageIO.framework/Versions/A/Resources/libTIFF.dylib
0x000000000adb2000 	/System/Library/Frameworks/ImageIO.framework/Versions/A/Resources/libPng.dylib
0x000000000adb2000 	/System/Library/Frameworks/ImageIO.framework/Versions/A/Resources/libGIF.dylib
0x000000000adb2000 	/System/Library/Frameworks/ImageIO.framework/Versions/A/Resources/libJP2.dylib
0x000000000adb2000 	/System/Library/Frameworks/ImageIO.framework/Versions/A/Resources/libRadiance.dylib
0x000000000adb2000 	/System/Library/Frameworks/CoreVideo.framework/Versions/A/CoreVideo
0x000000000adb2000 	/System/Library/Frameworks/OpenGL.framework/Versions/A/Libraries/libGLU.dylib
0x000000000adb2000 	/System/Library/Frameworks/OpenGL.framework/Versions/A/Libraries/libGFXShared.dylib
0x000000000adb2000 	/System/Library/Frameworks/OpenGL.framework/Versions/A/Libraries/libGL.dylib
0x000000000adb2000 	/System/Library/Frameworks/OpenGL.framework/Versions/A/Libraries/libGLImage.dylib
0x000000000adb2000 	/System/Library/Frameworks/OpenGL.framework/Versions/A/Libraries/libCVMSPluginSupport.dylib
0x000000000adb2000 	/System/Library/Frameworks/OpenGL.framework/Versions/A/Libraries/libCoreVMClient.dylib
0x000000000adb2000 	/usr/lib/libcups.2.dylib
0x000000000adb2000 	/System/Library/Frameworks/Kerberos.framework/Versions/A/Kerberos
0x000000000adb2000 	/System/Library/Frameworks/GSS.framework/Versions/A/GSS
0x000000000adb2000 	/usr/lib/libresolv.9.dylib
0x000000000adb2000 	/usr/lib/libiconv.2.dylib
0x000000000adb2000 	/System/Library/PrivateFrameworks/Heimdal.framework/Versions/A/Heimdal
0x000000000adb2000 	/usr/lib/libheimdal-asn1.dylib
0x000000000adb2000 	/System/Library/Frameworks/OpenDirectory.framework/Versions/A/OpenDirectory
0x000000000adb2000 	/System/Library/PrivateFrameworks/CommonAuth.framework/Versions/A/CommonAuth
0x000000000adb2000 	/System/Library/Frameworks/OpenDirectory.framework/Versions/A/Frameworks/CFOpenDirectory.framework/Versions/A/CFOpenDirectory
0x000000000adb2000 	/System/Library/Frameworks/SecurityFoundation.framework/Versions/A/SecurityFoundation
0x000000000adb2000 	/System/Library/PrivateFrameworks/LanguageModeling.framework/Versions/A/LanguageModeling
0x000000000adb2000 	/usr/lib/libcmph.dylib
0x000000000adb2000 	/System/Library/Frameworks/ServiceManagement.framework/Versions/A/ServiceManagement
0x000000000adb2000 	/usr/lib/libxslt.1.dylib
0x000000000adb2000 	/System/Library/Frameworks/Carbon.framework/Versions/A/Frameworks/Ink.framework/Versions/A/Ink
0x000000000adb2000 	/System/Library/Frameworks/QuartzCore.framework/Versions/A/Frameworks/CoreImage.framework/Versions/A/CoreImage
0x000000000adb2000 	/System/Library/PrivateFrameworks/CrashReporterSupport.framework/Versions/A/CrashReporterSupport
0x000000000adb2000 	/System/Library/Frameworks/OpenCL.framework/Versions/A/OpenCL
0x000000000adb2000 	/System/Library/PrivateFrameworks/FaceCore.framework/Versions/A/FaceCore
0x000000000adb2000 	/System/Library/PrivateFrameworks/Ubiquity.framework/Versions/A/Ubiquity
0x000000000adb2000 	/System/Library/PrivateFrameworks/IconServices.framework/Versions/A/IconServices
0x000000000adb2000 	/System/Library/PrivateFrameworks/ChunkingLibrary.framework/Versions/A/ChunkingLibrary
0x000000000adb2000 	/System/Library/PrivateFrameworks/Apple80211.framework/Versions/A/Apple80211
0x000000000adb2000 	/System/Library/Frameworks/CoreWLAN.framework/Versions/A/CoreWLAN
0x000000000adb2000 	/System/Library/Frameworks/IOBluetooth.framework/Versions/A/IOBluetooth
0x000000000adb2000 	/System/Library/PrivateFrameworks/CoreWiFi.framework/Versions/A/CoreWiFi
0x000000000adb2000 	/System/Library/Frameworks/CoreBluetooth.framework/Versions/A/CoreBluetooth
0x000000000adb2000 	/System/Library/PrivateFrameworks/DebugSymbols.framework/Versions/A/DebugSymbols
0x000000000adb2000 	/System/Library/PrivateFrameworks/CoreSymbolication.framework/Versions/A/CoreSymbolication
0x000000000adb2000 	/System/Library/PrivateFrameworks/Symbolication.framework/Versions/A/Symbolication
0x000000000adb2000 	/System/Library/PrivateFrameworks/SpeechRecognitionCore.framework/Versions/A/SpeechRecognitionCore
0x00000001097d7000 	/Library/Java/JavaVirtualMachines/jdk1.8.0.jdk/Contents/Home/jre/lib/server/libjvm.dylib
0x000000000adb2000 	/usr/lib/libstdc++.6.dylib
0x000000010a7b0000 	/Library/Java/JavaVirtualMachines/jdk1.8.0.jdk/Contents/Home/jre/lib/libverify.dylib
0x000000010a7be000 	/Library/Java/JavaVirtualMachines/jdk1.8.0.jdk/Contents/Home/jre/lib/libjava.dylib
0x000000010b800000 	/Library/Java/JavaVirtualMachines/jdk1.8.0.jdk/Contents/Home/jre/lib/libjdwp.dylib
0x000000010a7f3000 	/Library/Java/JavaVirtualMachines/jdk1.8.0.jdk/Contents/Home/jre/lib/libnpt.dylib
0x000000010b84b000 	/Library/Java/JavaVirtualMachines/jdk1.8.0.jdk/Contents/Home/jre/lib/libzip.dylib
0x0000000127427000 	/System/Library/Frameworks/JavaVM.framework/Frameworks/JavaRuntimeSupport.framework/JavaRuntimeSupport
0x000000012743d000 	/System/Library/Frameworks/JavaVM.framework/Versions/A/Frameworks/JavaNativeFoundation.framework/Versions/A/JavaNativeFoundation
0x0000000127451000 	/System/Library/Frameworks/JavaVM.framework/Versions/A/JavaVM
0x000000000adb2000 	/System/Library/Frameworks/Carbon.framework/Versions/A/Carbon
0x000000012745d000 	/System/Library/PrivateFrameworks/JavaLaunching.framework/Versions/A/JavaLaunching
0x000000000adb2000 	/System/Library/Frameworks/Carbon.framework/Versions/A/Frameworks/CommonPanels.framework/Versions/A/CommonPanels
0x000000000adb2000 	/System/Library/Frameworks/Carbon.framework/Versions/A/Frameworks/Help.framework/Versions/A/Help
0x000000000adb2000 	/System/Library/Frameworks/Carbon.framework/Versions/A/Frameworks/ImageCapture.framework/Versions/A/ImageCapture
0x000000000adb2000 	/System/Library/Frameworks/Carbon.framework/Versions/A/Frameworks/OpenScripting.framework/Versions/A/OpenScripting
0x000000000adb2000 	/System/Library/Frameworks/Carbon.framework/Versions/A/Frameworks/Print.framework/Versions/A/Print
0x000000000adb2000 	/System/Library/Frameworks/Carbon.framework/Versions/A/Frameworks/SecurityHI.framework/Versions/A/SecurityHI
0x0000000128e47000 	/Library/Java/JavaVirtualMachines/jdk1.8.0.jdk/Contents/Home/jre/lib/libdt_socket.dylib
0x0000000129830000 	/Library/Java/JavaVirtualMachines/jdk1.8.0.jdk/Contents/Home/jre/lib/libnet.dylib

VM Arguments:
jvm_args: -agentlib:jdwp=transport=dt_socket,suspend=y,address=localhost:59708 -Dfile.encoding=UTF-8 
java_command: javareact.SimulationStarter
java_class_path (initial): /Users/kimberninger/Workspace/DreamSim/bin:/Users/kimberninger/Workspace/DreamSim/lib/antlr-4.1-complete.jar:/Users/kimberninger/Workspace/DreamSim/lib/clojure-1.3.0-alpha8.jar:/Users/kimberninger/Workspace/DreamSim/lib/collections-generic-4.01.jar:/Users/kimberninger/Workspace/DreamSim/lib/colt-1.2.0.jar:/Users/kimberninger/Workspace/DreamSim/lib/concurrent-1.3.4.jar:/Users/kimberninger/Workspace/DreamSim/lib/jung-api-2.0.1.jar:/Users/kimberninger/Workspace/DreamSim/lib/jung-algorithms-2.0.1.jar:/Users/kimberninger/Workspace/DreamSim/lib/jung-graph-impl-2.0.1.jar:/Users/kimberninger/Workspace/DreamSim/lib/wstx-asl-3.2.6.jar:/Users/kimberninger/Workspace/DreamSim/lib/stax-api-1.0.1.jar:/Users/kimberninger/Workspace/DreamSim/lib/jung-io-2.0.1.jar:/Users/kimberninger/Workspace/DreamSim/lib/jung-visualization-2.0.1.jar:/Users/kimberninger/Workspace/DreamSim/lib/log4j-1.2.14.jar:/Users/kimberninger/Workspace/DreamSim/lib/mina-core-1.1.3.jar:/Users/kimberninger/Workspace/DreamSim/lib/slf4j-api-1.5.6.jar:/Users/kimberninger/Workspace/DreamSim/lib/slf4j-log4j12-1.5.6.jar
Launcher Type: SUN_STANDARD

Environment Variables:
PATH=/usr/bin:/bin:/usr/sbin:/sbin
SHELL=/bin/bash
DISPLAY=/private/tmp/com.apple.launchd.sZWEZMl2cq/org.macosforge.xquartz:0

Signal Handlers:
SIGSEGV: [libjvm.dylib+0x55faef], sa_mask[0]=0xfffefeff, sa_flags=0x00000043
SIGBUS: [libjvm.dylib+0x55faef], sa_mask[0]=0xfffefeff, sa_flags=0x00000042
SIGFPE: [libjvm.dylib+0x44305a], sa_mask[0]=0xfffefeff, sa_flags=0x00000042
SIGPIPE: [libjvm.dylib+0x44305a], sa_mask[0]=0xfffefeff, sa_flags=0x00000042
SIGXFSZ: [libjvm.dylib+0x44305a], sa_mask[0]=0xfffefeff, sa_flags=0x00000042
SIGILL: [libjvm.dylib+0x44305a], sa_mask[0]=0xfffefeff, sa_flags=0x00000042
SIGUSR1: SIG_DFL, sa_mask[0]=0x00000000, sa_flags=0x00000000
SIGUSR2: [libjvm.dylib+0x442b78], sa_mask[0]=0x00000004, sa_flags=0x00000042
SIGHUP: [libjvm.dylib+0x440f05], sa_mask[0]=0xfffefeff, sa_flags=0x00000042
SIGINT: [libjvm.dylib+0x440f05], sa_mask[0]=0xfffefeff, sa_flags=0x00000042
SIGTERM: [libjvm.dylib+0x440f05], sa_mask[0]=0xfffefeff, sa_flags=0x00000042
SIGQUIT: [libjvm.dylib+0x440f05], sa_mask[0]=0xfffefeff, sa_flags=0x00000042


---------------  S Y S T E M  ---------------

OS:Bsduname:Darwin 14.3.0 Darwin Kernel Version 14.3.0: Mon Mar 23 11:59:05 PDT 2015; root:xnu-2782.20.48~5/RELEASE_X86_64 x86_64
rlimit: STACK 8192k, CORE 0k, NPROC 709, NOFILE 10240, AS infinity
load average:1.53 1.68 1.56

CPU:total 8 (4 cores per cpu, 2 threads per core) family 6 model 58 stepping 9, cmov, cx8, fxsr, mmx, sse, sse2, sse3, ssse3, sse4.1, sse4.2, popcnt, avx, aes, clmul, erms, ht, tsc, tscinvbit

Memory: 4k page, physical 16777216k(1633364k free)

/proc/meminfo:


vm_info: Java HotSpot(TM) 64-Bit Server VM (25.0-b70) for bsd-amd64 JRE (1.8.0-b132), built on Mar  4 2014 03:11:43 by "java_re" with gcc 4.2.1 (Based on Apple Inc. build 5658) (LLVM build 2336.11.00)

time: Mon Jun  1 19:38:27 2015
elapsed time: 528 seconds

